{
  "stats": {
    "suites": 1,
    "tests": 1,
    "passes": 1,
    "pending": 0,
    "failures": 0,
    "start": "2018-12-28T04:28:17.023Z",
    "end": "2018-12-28T04:28:17.060Z",
    "duration": 37,
    "testsRegistered": 1,
    "passPercent": 100,
    "pendingPercent": 0,
    "other": 0,
    "hasOther": false,
    "skipped": 0,
    "hasSkipped": false,
    "passPercentClass": "success",
    "pendingPercentClass": "danger"
  },
  "suites": {
    "uuid": "91d7e05b-3a9f-487d-907f-aff850b7b15b",
    "title": "",
    "fullFile": "",
    "file": "",
    "beforeHooks": [],
    "afterHooks": [],
    "tests": [],
    "suites": [
      {
        "uuid": "ae0111b5-02a7-43c3-9070-ac4a5a674858",
        "title": "node接口测试",
        "fullFile": "/Users/konglili/Desktop/node_app/test/services/router.spec.js",
        "file": "/test/services/router.spec.js",
        "beforeHooks": [
          {
            "title": "\"before all\" hook: must be on home page",
            "fullTitle": "node接口测试 \"before all\" hook: must be on home page",
            "timedOut": false,
            "duration": 27,
            "pass": false,
            "fail": false,
            "pending": false,
            "code": "requestProxy.get('/')\n    .expect(200, done);",
            "err": {},
            "isRoot": false,
            "uuid": "6f9b290c-1563-4522-9ff9-d7b7dd0d8ff7",
            "isHook": true,
            "skipped": false
          }
        ],
        "afterHooks": [],
        "tests": [
          {
            "title": "test 接口测试",
            "fullTitle": "node接口测试 test 接口测试",
            "timedOut": false,
            "duration": 2,
            "state": "passed",
            "speed": "fast",
            "pass": true,
            "fail": false,
            "pending": false,
            "code": "requestProxy.get('/')\n.expect('Content-Type',/json/)\n.expect(200)\n.end(function(err, res) {\n    if(res.body.data == \"Hello World\"){\n        done()\n    }else {\n        done(new Error('接口数据异常'));\n    }\n})",
            "err": {},
            "isRoot": false,
            "uuid": "81575bb3-9d6b-4740-926b-15ae980bc0f9",
            "isHook": false,
            "skipped": false
          }
        ],
        "suites": [],
        "passes": [
          "81575bb3-9d6b-4740-926b-15ae980bc0f9"
        ],
        "failures": [],
        "pending": [],
        "skipped": [],
        "duration": 2,
        "root": false,
        "rootEmpty": false,
        "_timeout": 2000
      }
    ],
    "passes": [],
    "failures": [],
    "pending": [],
    "skipped": [],
    "duration": 0,
    "root": true,
    "rootEmpty": true,
    "_timeout": 2000
  },
  "copyrightYear": 2018
}