{
  "stats": {
    "suites": 1,
    "tests": 1,
    "passes": 1,
    "pending": 0,
    "failures": 0,
    "start": "2018-11-29T13:26:28.848Z",
    "end": "2018-11-29T13:26:28.928Z",
    "duration": 80,
    "testsRegistered": 1,
    "passPercent": 100,
    "pendingPercent": 0,
    "other": 0,
    "hasOther": false,
    "skipped": 0,
    "hasSkipped": false,
    "passPercentClass": "success",
    "pendingPercentClass": "danger"
  },
  "suites": {
    "uuid": "7f4fa1a9-ad86-45c8-ba8b-e950d1e20cd4",
    "title": "",
    "fullFile": "",
    "file": "",
    "beforeHooks": [],
    "afterHooks": [],
    "tests": [],
    "suites": [
      {
        "uuid": "c350d43a-0af5-4170-9c62-e213b1898b40",
        "title": "获取数据接口",
        "fullFile": "/Users/konglili/Desktop/全栈工程师/第二周node/node_app/services/router.spec.js",
        "file": "/services/router.spec.js",
        "beforeHooks": [],
        "afterHooks": [],
        "tests": [
          {
            "title": "test接口测试",
            "fullTitle": "获取数据接口 test接口测试",
            "timedOut": false,
            "duration": 71,
            "state": "passed",
            "speed": "medium",
            "pass": true,
            "fail": false,
            "pending": false,
            "code": "axios.get('http://localhost:8080/basic/web/index.php?r=book/index')\n    .then(function (response) {\n        if (response.data.data.rows) {\n            done();\n        } else {\n            done(new Error(\"数据请求格式错误\"));\n        }\n    })\n    .catch(function (error) {\n        done(error);\n    });",
            "err": {},
            "isRoot": false,
            "uuid": "2f05f604-616a-4519-b5e9-208bd2ffc79e",
            "isHook": false,
            "skipped": false
          }
        ],
        "suites": [],
        "passes": [
          "2f05f604-616a-4519-b5e9-208bd2ffc79e"
        ],
        "failures": [],
        "pending": [],
        "skipped": [],
        "duration": 71,
        "root": false,
        "rootEmpty": false,
        "_timeout": 2000
      }
    ],
    "passes": [],
    "failures": [],
    "pending": [],
    "skipped": [],
    "duration": 0,
    "root": true,
    "rootEmpty": true,
    "_timeout": 2000
  },
  "copyrightYear": 2018
}